Arguments: 
  C:\Program Files\nodejs\node.exe C:\Users\anvar\AppData\Roaming\npm\node_modules\yarn\bin\yarn.js add prettier --dev

PATH: 
  C:\Users\anvar\bin;C:\Program Files\Git\mingw64\bin;C:\Program Files\Git\usr\local\bin;C:\Program Files\Git\usr\bin;C:\Program Files\Git\usr\bin;C:\Program Files\Git\mingw64\bin;C:\Program Files\Git\usr\bin;C:\Users\anvar\bin;C:\Program Files (x86)\Common Files\Intel\Shared Libraries\redist\intel64\compiler;C:\WINDOWS\system32;C:\WINDOWS;C:\WINDOWS\System32\Wbem;C:\WINDOWS\System32\WindowsPowerShell\v1.0;C:\WINDOWS\System32\OpenSSH;C:\Program Files (x86)\dotnet;C:\Program Files\Git\cmd;C:\Program Files\nodejs;C:\Users\anvar\AppData\Local\Microsoft\WindowsApps;C:\Users\anvar\AppData\Local\Programs\Microsoft VS Code\bin;C:\Users\anvar\AppData\Local\atom\bin;C:\Program Files (x86)\Brackets;C:\ProgramData\akzmsh\GitHubDesktop\bin;C:\Program Files\heroku\bin;C:\Users\anvar\AppData\Local\JetBrains\Toolbox\scripts;C:\Users\anvar\AppData\Roaming\npm;C:\Program Files\Git\usr\bin\vendor_perl;C:\Program Files\Git\usr\bin\core_perl

Yarn version: 
  1.22.19

Node version: 
  16.18.0

Platform: 
  win32 x64

Trace: 
  Error: EPERM: operation not permitted, unlink 'C:\Users\anvar\OneDrive\Desktop\Lazydev\node_modules\@next\swc-win32-x64-msvc\next-swc.win32-x64-msvc.node'

npm manifest: 
  {
    "name": "lazydev",
    "version": "1.0.0",
    "private": true,
    "scripts": {
      "dev": "next dev",
      "build": "next build",
      "start": "next start",
      "analyze": "ANALYZE=true next build",
      "export": "next export",
      "deploy": "gh-pages -d out -t true"
    },
    "engines": {
      "node": ">=14.0.0",
      "yarn": ">=1.22.0",
      "npm": "please-use-yarn"
    },
    "dependencies": {
      "@badrap/bar-of-progress": "^0.2.1",
      "@mdx-js/loader": "^2.1.1",
      "@mdx-js/react": "^2.1.1",
      "@next/mdx": "^12.1.6",
      "next": "^12.1.4",
      "next-themes": "^0.2.0",
      "react": "^18.1.0",
      "react-dom": "18.1.0",
      "react-icons": "^4.3.1",
      "styled-components": "^5.3.5"
    },
    "devDependencies": {
      "@next/bundle-analyzer": "^12.1.6",
      "autoprefixer": "^10.4.7",
      "eslint": "8.15.0",
      "eslint-config-next": "12.1.6",
      "next-i18next": "^11.0.0",
      "postcss": "^8.4.13",
      "process": "^0.11.10",
      "react-copy-to-clipboard": "^5.1.0",
      "react-lazy-load-image-component": "^1.5.4",
      "tailwind-scrollbar-hide": "^1.1.7",
      "tailwindcss": "^3.0.24",
      "tailwindcss-ripple": "^0.7.1"
    }
  }

yarn manifest: 
  No manifest

Lockfile: 
  No lockfile
